<?xml version="1.0" encoding="UTF-8"?>
<!-- Generated by org.testng.reporters.JUnitReportReporter -->
<testsuite hostname="NODE49" name="selenium.Selenium2Test1" tests="1" failures="0" timestamp="29 Oct 2014 04:22:49 GMT" time="180.963" errors="0">
  <testcase name="irtctTraverse" time="180.963" classname="selenium.Selenium2Test1"/>
</testsuite> <!-- selenium.Selenium2Test1 -->
